2 0 100
1 1
1 2
2 3 175
3 4 114 208
2 5 242
4 6 209 234 252
6 7 110 118 222 223 288
3 8 117 183
1 9
3 10 250 291
5 11 201 239 260 299
1 12
3 13 122 165
3 14 163 189
4 15 127 144 149
2 16 276
1 17
2 18 132
4 19 138 235 272
2 20 283
4 21 146 162 178
6 22 200 212 227 258 296
2 23 206
3 24 119 231
4 25 238 264 281
3 26 172 176
2 27 182
4 28 160 188 192
9 29 157 168 184 210 216 246 267 277
1 30
2 31 285
7 32 156 171 187 193 214 229
4 33 105 128 155
4 34 103 112 278
2 35 262
5 36 101 232 255 266
1 37
3 38 134 141
2 39 151
7 40 161 185 207 226 249 294
3 41 108 120
3 42 237 273
1 43
2 44 135
3 45 248 265
1 46
1 47
5 48 220 241 263 292
1 49
2 50 173
2 51 290
1 52
2 53 152
8 54 109 191 198 218 236 269 286
2 55 297
4 56 129 136 143
4 57 140 205 257
3 58 124 240
1 59
3 60 133 142
2 61 186
3 62 121 169
3 63 139 251
5 64 164 180 204 228
8 65 102 159 166 177 197 213 256
1 66
1 67
4 68 174 196 287
1 69
4 70 230 244 282
1 71
5 72 111 179 195 211
5 73 203 224 245 279
4 74 131 253 270
6 75 113 150 158 170 194
3 76 219 274
1 77
2 78 284
2 79 145
3 80 116 123
2 81 259
5 82 167 190 217 233
3 83 268 298
1 84
3 85 107 130
3 86 181 271
3 87 106 295
3 88 115 293
4 89 202 225 247
4 90 221 243 280
5 91 147 199 254 275
5 92 125 137 148 153
2 93 215
1 94
2 95 126
2 96 154
1 97
3 98 261 289
2 99 104