55 0 128 283 338 448 479 566 597 683 761 856 956 1038 1149 1264 1319 1451 1524 1606 1705 1806 1916 2040 2094 2158 2242 2373 2431 2543 2593 2694 2807 2875 2965 3021 3122 3183 3313 3372 3451 3622 3669 3810 3891 3995 4093 4195 4319 4376 4475 4564 4675 4701 4751 4830
59 1 154 242 292 405 489 598 618 657 707 809 829 906 1045 1098 1183 1313 1368 1459 1587 1614 1693 1789 1868 1905 2035 2131 2249 2350 2399 2452 2496 2547 2625 2717 2835 2882 2951 3053 3119 3277 3332 3475 3568 3637 3687 3786 3865 3905 3956 4051 4149 4266 4359 4439 4499 4592 4661 4829
53 2 156 269 415 504 626 699 851 972 1053 1122 1223 1305 1377 1483 1590 1768 1870 1969 2050 2150 2247 2358 2405 2536 2621 2739 2841 2987 3105 3203 3322 3389 3413 3471 3520 3602 3707 3762 3791 3852 3962 4018 4077 4132 4205 4290 4368 4438 4520 4584 4657 4773
60 3 167 250 310 342 420 487 516 632 697 792 834 898 973 1072 1130 1243 1290 1392 1527 1642 1719 1793 1891 1947 1972 2076 2153 2271 2338 2443 2550 2695 2737 2805 2856 2924 2984 3100 3173 3295 3352 3450 3518 3550 3633 3714 3795 3857 3968 4062 4194 4345 4429 4510 4571 4642 4714 4800 4835
63 4 89 245 282 350 409 478 532 589 659 719 801 852 969 1069 1152 1228 1302 1379 1526 1648 1716 1795 1871 1915 1966 2053 2097 2125 2212 2281 2359 2494 2560 2635 2705 2796 2873 2933 3011 3070 3130 3220 3267 3326 3405 3453 3557 3638 3730 3774 3870 3933 3961 4087 4237 4334 4461 4541 4605 4654 4759 4837
62 5 130 214 273 339 443 539 646 712 813 896 983 1075 1137 1244 1330 1394 1471 1529 1595 1639 1739 1802 1878 1928 1998 2096 2165 2258 2382 2422 2489 2580 2653 2729 2837 2901 2962 3030 3097 3174 3199 3288 3363 3462 3522 3613 3700 3764 3858 3910 3985 4111 4197 4284 4313 4360 4456 4569 4648 4718 4754
60 6 119 194 288 362 398 536 611 685 720 807 893 923 1035 1163 1207 1293 1354 1457 1517 1567 1680 1729 1835 1918 2043 2141 2192 2252 2327 2456 2601 2661 2766 2876 2991 3047 3085 3142 3193 3250 3317 3441 3528 3596 3667 3720 3845 3930 4022 4108 4200 4301 4398 4478 4549 4575 4696 4746 4808
59 7 157 209 327 397 475 548 631 794 914 1006 1115 1153 1283 1369 1458 1560 1638 1672 1771 1818 1926 1962 2037 2092 2173 2245 2324 2411 2518 2642 2707 2806 2917 2949 3009 3107 3188 3249 3318 3447 3527 3649 3750 3820 3894 3981 4091 4159 4252 4285 4318 4414 4480 4519 4581 4704 4786 4846
60 8 102 188 277 375 430 491 572 674 736 811 864 936 1057 1141 1219 1372 1545 1598 1646 1685 1810 1908 2010 2065 2091 2117 2201 2295 2389 2458 2548 2589 2644 2704 2778 2834 2886 2974 3128 3207 3323 3379 3481 3543 3635 3691 3755 3828 3882 3990 4038 4094 4216 4298 4454 4578 4652 4707 4825
55 9 179 317 400 525 594 641 725 814 951 1016 1056 1091 1240 1341 1422 1543 1613 1691 1759 1909 2047 2103 2161 2236 2299 2379 2430 2520 2620 2657 2718 2838 2955 3073 3190 3282 3387 3458 3545 3737 3808 3886 3971 4047 4101 4180 4248 4340 4428 4523 4573 4697 4803 4844
64 10 98 171 229 328 406 513 579 636 751 831 911 962 1068 1113 1174 1262 1365 1420 1494 1537 1663 1709 1764 1805 1862 1879 1950 2022 2144 2186 2270 2339 2436 2537 2604 2727 2821 2925 3050 3179 3259 3359 3420 3494 3561 3636 3680 3751 3800 3899 3951 4083 4153 4187 4279 4352 4451 4513 4561 4619 4680 4769 4854
56 11 168 212 246 356 419 542 649 733 803 883 934 1027 1116 1185 1294 1374 1446 1522 1615 1738 1844 1939 2027 2083 2202 2296 2445 2512 2552 2626 2731 2830 2912 2998 3120 3167 3285 3355 3477 3558 3640 3772 3856 3979 4009 4113 4229 4366 4416 4494 4588 4717 4744 4834 4855
60 12 151 205 262 335 463 518 574 706 816 959 1060 1101 1202 1275 1331 1391 1437 1504 1608 1690 1728 1800 1886 2057 2118 2188 2244 2328 2391 2449 2572 2683 2748 2809 2896 3027 3115 3187 3333 3416 3495 3560 3646 3722 3863 3919 3963 4100 4151 4249 4309 4403 4507 4565 4624 4679 4753 4796 4860
64 13 90 138 247 324 374 454 466 553 664 765 797 849 964 1029 1082 1127 1193 1326 1456 1531 1580 1621 1688 1773 1885 1959 1999 2051 2119 2189 2222 2303 2384 2457 2513 2582 2603 2711 2762 2890 2947 3063 3163 3257 3341 3377 3530 3660 3741 3835 3901 3993 4084 4134 4176 4293 4364 4427 4521 4618 4702 4763 4839
62 14 112 215 305 407 442 509 564 628 701 764 843 941 991 1052 1112 1227 1400 1461 1577 1649 1734 1757 1894 1978 2063 2109 2167 2278 2326 2459 2511 2574 2665 2730 2822 2953 3006 3087 3160 3232 3314 3390 3510 3564 3648 3705 3749 3871 3988 4039 4070 4169 4286 4407 4453 4537 4634 4676 4715 4766 4850
59 15 169 235 281 345 462 545 656 777 821 929 993 1071 1124 1210 1324 1384 1455 1602 1704 1781 1849 1948 2021 2062 2123 2243 2315 2414 2474 2545 2647 2775 2808 2860 2910 2980 3118 3137 3231 3306 3373 3460 3555 3631 3721 3840 3926 4003 4057 4115 4245 4322 4437 4501 4582 4645 4758 4861
59 16 141 223 287 390 511 624 743 868 925 1043 1118 1178 1265 1337 1447 1579 1700 1779 1821 1895 1984 2032 2060 2138 2207 2309 2380 2503 2556 2636 2793 2862 2904 3003 3132 3266 3304 3358 3367 3393 3395 3504 3598 3632 3770 3834 3929 3970 4044 4147 4214 4257 4323 4410 4468 4544 4635 4781
65 17 126 227 344 394 526 609 708 756 836 944 1002 1049 1146 1192 1269 1352 1421 1491 1566 1634 1782 1840 1865 1901 1975 2075 2124 2147 2240 2313 2398 2413 2450 2475 2565 2645 2708 2832 2879 2975 3032 3112 3176 3272 3298 3418 3479 3619 3662 3776 3825 3923 3966 4020 4122 4201 4302 4397 4450 4517 4570 4643 4734 4784
62 18 108 193 325 371 482 568 692 774 884 949 1019 1106 1195 1296 1350 1428 1475 1564 1633 1668 1754 1853 1933 1980 2071 2142 2221 2286 2332 2406 2469 2509 2623 2656 2774 2935 2977 3071 3147 3219 3289 3365 3438 3534 3675 3752 3792 3925 3969 4107 4186 4272 4306 4336 4401 4447 4531 4600 4660 4743 4811
60 19 129 187 274 348 426 558 671 735 786 839 921 1050 1126 1196 1281 1415 1499 1549 1611 1717 1783 1859 1929 2012 2095 2224 2311 2357 2426 2470 2563 2607 2685 2795 2813 2940 3067 3200 3302 3343 3406 3500 3585 3743 3837 3892 3960 4029 4090 4161 4183 4241 4273 4362 4495 4658 4726 4778 4841
58 20 148 239 349 425 476 561 629 700 763 840 903 947 1012 1062 1134 1233 1288 1413 1559 1620 1707 1857 1907 2025 2108 2204 2277 2361 2421 2557 2674 2760 2884 2946 3018 3098 3194 3328 3375 3445 3468 3544 3627 3706 3742 3889 3949 4082 4105 4217 4349 4396 4487 4551 4666 4741 4821
59 21 106 164 191 264 313 421 540 642 731 861 970 1034 1150 1213 1237 1295 1386 1450 1521 1623 1722 1796 1883 2006 2127 2274 2412 2527 2627 2706 2756 2847 2959 3090 3144 3189 3283 3344 3430 3482 3535 3584 3653 3736 3846 3911 3943 4060 4170 4254 4350 4415 4449 4473 4562 4613 4708 4816
61 22 81 115 166 255 354 424 523 676 757 819 953 1015 1089 1151 1250 1299 1396 1477 1594 1652 1751 1820 1914 1991 2042 2168 2259 2319 2385 2433 2522 2613 2687 2732 2811 2941 3022 3111 3185 3284 3370 3435 3532 3614 3733 3798 3906 3952 4014 4114 4182 4287 4385 4460 4555 4607 4650 4683 4762 4852
56 23 114 228 322 393 508 583 711 758 866 933 1097 1180 1260 1298 1357 1470 1554 1654 1731 1831 1910 1964 2069 2113 2178 2294 2362 2442 2546 2637 2768 2842 2922 3012 3141 3296 3400 3492 3571 3645 3748 3851 3898 3982 4099 4163 4189 4244 4307 4462 4553 4609 4686 4723 4817
64 24 135 233 290 414 458 537 650 742 805 890 940 1076 1222 1359 1440 1535 1622 1711 1797 1855 1935 1988 2045 2079 2143 2203 2287 2353 2453 2544 2638 2786 2812 2857 3013 3033 3101 3149 3209 3268 3331 3422 3486 3578 3699 3735 3801 3862 3932 4033 4168 4219 4234 4296 4330 4371 4444 4482 4532 4593 4669 4732 4809
62 25 96 216 275 382 459 480 571 617 709 772 882 985 1044 1155 1214 1317 1414 1492 1530 1589 1658 1776 1906 2013 2170 2269 2356 2465 2514 2584 2643 2746 2869 2936 3046 3091 3148 3162 3260 3386 3505 3569 3625 3677 3773 3805 3893 3983 4056 4117 4167 4235 4312 4379 4423 4492 4529 4671 4699 4767 4842
62 26 82 149 271 329 367 441 515 593 705 762 888 955 1009 1047 1085 1128 1191 1203 1303 1351 1416 1484 1555 1624 1715 1801 1866 1934 2080 2197 2300 2374 2462 2495 2599 2663 2720 2782 2816 2840 2915 2971 3025 3135 3218 3292 3309 3407 3556 3686 3769 3876 3955 4061 4128 4212 4333 4413 4539 4640 4799
60 27 146 206 316 410 495 555 639 679 740 838 971 1025 1084 1158 1316 1398 1454 1506 1557 1626 1692 1813 1888 1976 2072 2146 2182 2213 2329 2427 2500 2567 2587 2658 2772 2836 2995 3058 3140 3177 3204 3294 3303 3408 3529 3595 3692 3824 3904 4008 4054 4089 4135 4274 4445 4550 4608 4722 4847
66 28 97 117 195 217 265 337 369 434 551 602 662 684 773 858 946 1024 1058 1176 1184 1224 1325 1393 1508 1635 1718 1846 1942 2030 2132 2223 2318 2370 2464 2505 2585 2681 2780 2850 2932 2950 3028 3143 3178 3262 3320 3436 3526 3563 3626 3708 3768 3844 3869 4030 4080 4129 4142 4238 4256 4354 4393 4509 4644 4729 4822
60 29 150 256 319 360 468 616 645 696 876 961 1013 1114 1263 1343 1424 1510 1573 1636 1679 1763 1825 1941 2046 2115 2183 2238 2298 2381 2439 2532 2678 2776 2868 2929 2994 3079 3154 3224 3334 3423 3464 3579 3678 3746 3789 3864 3931 3991 4069 4148 4246 4314 4377 4430 4489 4610 4685 4760 4814
60 30 170 289 363 461 502 573 663 780 845 887 994 1054 1142 1187 1256 1336 1449 1553 1651 1696 1767 1832 1899 2000 2130 2225 2302 2378 2420 2491 2596 2654 2726 2773 2916 2982 3123 3186 3234 3336 3434 3553 3641 3671 3761 3804 3874 3987 4068 4127 4209 4337 4402 4483 4559 4633 4681 4765 4838
62 31 161 232 351 416 467 569 644 678 781 827 889 926 1081 1164 1252 1297 1378 1419 1443 1486 1534 1583 1740 1816 1920 2055 2162 2217 2289 2371 2432 2487 2542 2679 2752 2866 2972 3055 3126 3184 3215 3276 3444 3538 3592 3702 3831 3878 3941 4011 4064 4146 4240 4325 4383 4471 4524 4577 4694 4790 4862
60 32 125 182 218 270 347 481 576 635 741 837 880 998 1059 1173 1255 1333 1405 1503 1540 1563 1657 1682 1758 1822 1875 1953 2098 2149 2185 2260 2386 2523 2659 2761 2877 2960 3065 3196 3287 3427 3489 3577 3623 3696 3766 3849 3938 4025 4081 4136 4196 4321 4425 4488 4543 4614 4725 4779 4827
61 33 92 165 252 341 388 445 465 527 668 726 800 877 952 967 1103 1212 1279 1344 1433 1515 1618 1683 1749 1847 1902 1989 2074 2148 2228 2305 2360 2451 2507 2581 2722 2759 2803 2942 3029 3082 3247 3290 3338 3369 3432 3511 3580 3628 3698 3815 3964 4013 4086 4184 4258 4400 4498 4574 4700 4824
64 34 123 192 236 278 299 383 453 501 560 614 643 759 862 918 986 1022 1131 1217 1284 1388 1462 1502 1568 1708 1765 1788 1881 1968 2028 2106 2208 2312 2367 2473 2519 2568 2667 2735 2827 2908 2992 3036 3134 3253 3339 3513 3576 3616 3724 3830 3912 4002 4066 4137 4230 4277 4351 4441 4530 4617 4678 4730 4755
55 35 136 213 318 392 423 588 710 865 891 997 1139 1272 1327 1401 1501 1552 1659 1720 1769 1836 1973 2077 2166 2220 2340 2424 2521 2590 2634 2723 2753 2820 2864 2926 3010 3093 3192 3243 3409 3488 3601 3703 3806 3907 4037 4103 4210 4276 4426 4580 4653 4691 4783 4826
59 36 95 181 231 298 352 411 496 565 675 760 885 917 1007 1092 1154 1242 1276 1310 1367 1425 1505 1565 1694 1792 1943 2029 2139 2206 2317 2347 2410 2484 2578 2686 2799 2867 2921 3017 3113 3153 3275 3412 3476 3551 3589 3676 3797 3897 4027 4120 4185 4262 4361 4464 4558 4647 4764 4857
61 37 159 220 300 429 490 550 652 702 793 841 909 968 1048 1168 1248 1382 1488 1556 1601 1681 1838 1896 2005 2041 2101 2164 2272 2344 2396 2467 2534 2575 2602 2669 2702 2789 2888 2985 3095 3171 3221 3360 3446 3490 3657 3763 3793 3922 3989 4065 4166 4247 4358 4431 4497 4563 4623 4710 4752 4863
57 38 85 198 257 315 378 450 514 637 779 870 919 960 1064 1177 1274 1381 1485 1591 1677 1732 1799 1882 1961 2007 2102 2219 2322 2418 2468 2561 2713 2798 2897 3005 3035 3094 3198 3252 3308 3398 3491 3630 3666 3713 3729 3921 4015 4116 4179 4288 4348 4411 4526 4615 4705 4782
59 39 88 134 280 436 567 689 713 784 846 899 987 1066 1161 1175 1218 1266 1361 1406 1493 1584 1641 1701 1784 1922 1995 2033 2111 2248 2290 2390 2492 2664 2747 2843 2902 2973 3044 3102 3201 3349 3401 3459 3536 3607 3688 3816 3947 4019 4053 4110 4191 4227 4305 4370 4486 4621 4721 4792
59 40 105 199 336 507 591 665 718 802 844 930 1020 1121 1159 1285 1322 1370 1402 1478 1586 1675 1753 1841 1931 1986 2058 2145 2216 2257 2320 2394 2481 2566 2612 2666 2741 2903 2957 3031 3114 3172 3251 3382 3524 3565 3681 3821 3958 4021 4071 4139 4198 4315 4386 4459 4528 4589 4667 4774
56 41 174 208 285 358 470 620 695 769 878 975 1104 1170 1289 1355 1431 1516 1625 1791 1854 1949 2081 2191 2253 2403 2493 2549 2646 2742 2818 2880 3026 3074 3129 3255 3297 3403 3507 3597 3658 3716 3740 3781 3809 3887 3998 4096 4143 4220 4324 4391 4505 4628 4684 4733 4858
66 42 94 147 258 365 444 484 577 625 717 776 871 932 1003 1073 1189 1235 1320 1417 1438 1509 1562 1616 1697 1750 1787 1858 1880 1940 2059 2140 2234 2284 2395 2510 2562 2595 2673 2736 2815 2829 2944 3038 3133 3225 3315 3414 3485 3514 3610 3644 3715 3859 3920 3965 4010 4076 4156 4267 4357 4412 4491 4554 4596 4713 4823
61 43 87 172 295 366 456 521 599 638 724 795 908 958 1011 1108 1182 1245 1375 1500 1630 1687 1733 1814 1872 1903 2004 2107 2155 2285 2397 2461 2558 2639 2745 2785 2858 2881 2943 3039 3127 3205 3264 3361 3443 3503 3620 3655 3723 3829 3917 4050 4097 4165 4224 4264 4317 4356 4442 4602 4747 4849
56 44 142 180 302 427 520 596 682 753 848 900 957 1041 1105 1220 1271 1349 1439 1498 1525 1609 1747 1830 1912 1993 2099 2214 2348 2425 2501 2576 2740 2764 2887 2976 3049 3106 3175 3246 3345 3425 3452 3552 3651 3759 3827 3873 4017 4181 4328 4418 4463 4522 4673 4736 4851
58 45 109 175 331 418 544 647 721 806 910 981 1087 1162 1211 1308 1338 1411 1547 1605 1650 1702 1762 1851 1977 2049 2104 2190 2254 2351 2415 2524 2610 2703 2784 2895 3007 3078 3124 3206 3330 3392 3437 3554 3664 3745 3813 3890 3927 4026 4177 4292 4331 4382 4455 4552 4576 4656 4819
64 46 116 237 321 381 433 485 556 627 680 767 817 894 1023 1090 1167 1204 1236 1315 1403 1465 1514 1582 1667 1817 1890 1958 2054 2129 2193 2232 2266 2368 2434 2531 2592 2649 2788 2893 2931 3043 3131 3263 3362 3433 3501 3541 3591 3609 3695 3788 3875 3974 4106 4192 4289 4381 4506 4606 4663 4727 4789 4810 4848
64 47 133 251 312 431 529 581 653 722 782 830 916 1018 1093 1120 1201 1254 1321 1397 1436 1532 1617 1689 1748 1827 1863 1898 1985 2078 2133 2227 2308 2402 2490 2538 2632 2724 2800 2826 2928 3014 3088 3191 3241 3316 3371 3402 3497 3604 3747 3812 3914 3994 4088 4157 4211 4255 4327 4420 4481 4547 4626 4677 4805
62 48 104 177 203 333 386 472 547 621 670 746 799 859 945 1039 1078 1144 1205 1229 1332 1408 1434 1523 1632 1777 1845 1930 2009 2031 2120 2179 2255 2333 2423 2530 2605 2680 2794 2920 2963 3062 3170 3271 3368 3442 3531 3586 3634 3757 3866 3948 3999 4058 4144 4253 4342 4508 4560 4651 4693 4776 4831
61 49 110 190 293 408 528 600 693 728 791 881 992 1063 1171 1261 1334 1389 1442 1480 1544 1637 1684 1730 1798 1904 1992 2038 2114 2187 2264 2341 2407 2504 2586 2714 2791 2853 2927 3000 3051 3138 3239 3281 3325 3470 3506 3603 3647 3728 3818 3913 4007 4145 4171 4261 4338 4419 4515 4637 4780 4828
60 50 103 207 267 377 483 570 698 768 869 995 1042 1136 1232 1291 1429 1496 1520 1578 1669 1770 1829 1923 1982 2169 2199 2307 2466 2529 2641 2696 2754 2825 2945 2988 3045 3099 3212 3269 3329 3388 3461 3537 3574 3600 3652 3753 3778 3934 3975 4067 4126 4199 4242 4353 4436 4496 4572 4688 4771
60 51 118 186 222 308 457 512 586 687 747 857 920 978 1036 1079 1148 1259 1318 1472 1539 1603 1703 1775 1900 1946 1974 2056 2090 2226 2273 2363 2502 2571 2672 2749 2855 2907 2964 3072 3117 3202 3265 3350 3391 3473 3542 3594 3684 3784 3888 3977 4052 4140 4228 4291 4390 4504 4595 4668 4815
56 52 120 221 320 370 486 562 630 787 873 963 999 1111 1241 1342 1476 1600 1706 1766 1804 1869 1960 2116 2229 2314 2383 2437 2485 2525 2600 2640 2744 2802 2883 2909 2968 3016 3089 3159 3242 3366 3484 3611 3727 3900 4045 4164 4259 4326 4432 4556 4611 4695 4720 4798 4840
62 53 143 238 307 404 473 584 633 737 842 937 1040 1138 1190 1257 1312 1430 1512 1585 1644 1735 1850 1936 1990 2064 2176 2292 2400 2460 2483 2541 2606 2697 2765 2846 2871 2911 3052 3155 3244 3273 3381 3454 3546 3663 3731 3779 3814 3838 3945 4035 4109 4239 4281 4346 4399 4458 4518 4557 4599 4687 4794
54 54 121 200 261 380 435 585 654 796 853 907 1030 1165 1247 1435 1572 1647 1710 1746 1874 1917 1971 2061 2152 2200 2293 2346 2392 2499 2668 2693 2771 2849 2981 3083 3230 3256 3347 3421 3521 3618 3704 3796 3880 4034 4162 4278 4372 4535 4598 4636 4711 4791 4859
59 55 173 241 304 340 417 474 538 634 730 789 850 905 988 1026 1199 1346 1427 1479 1597 1695 1785 1924 2024 2121 2209 2263 2316 2376 2476 2598 2662 2688 2770 2851 2905 2999 3040 3125 3214 3312 3357 3417 3519 3612 3719 3847 3884 3967 4023 4092 4202 4282 4387 4467 4502 4627 4749 4820
60 56 91 162 263 311 399 494 578 610 703 818 863 979 1096 1194 1238 1314 1356 1404 1519 1574 1671 1726 1824 1860 1954 2084 2195 2261 2355 2478 2618 2719 2781 2828 2918 2952 2986 3041 3145 3210 3305 3364 3456 3533 3650 3734 3811 3855 3957 4012 4059 4154 4231 4299 4380 4534 4620 4690 4785
64 57 83 127 153 185 291 368 469 549 603 622 686 785 847 942 1065 1166 1273 1309 1387 1452 1518 1592 1628 1741 1834 1956 2003 2082 2184 2275 2349 2479 2555 2619 2692 2755 2804 2874 2898 2934 3042 3075 3157 3233 3348 3439 3498 3570 3621 3668 3738 3799 3867 3902 3924 3984 4123 4206 4271 4424 4566 4641 4804
58 58 101 260 326 379 428 498 563 658 716 804 892 990 1109 1198 1301 1399 1507 1551 1596 1660 1714 1864 1945 2089 2215 2401 2455 2497 2564 2609 2701 2769 2824 2930 2969 3080 3150 3238 3327 3376 3429 3509 3643 3725 3758 3850 3980 4078 4190 4265 4347 4406 4493 4567 4649 4740 4806
61 59 93 132 226 284 376 493 604 660 729 788 825 901 974 1037 1094 1145 1221 1282 1376 1468 1558 1674 1761 1819 1932 1981 2110 2156 2230 2301 2366 2444 2526 2631 2699 2758 2865 2983 3059 3110 3158 3211 3299 3426 3517 3575 3617 3701 3842 3915 3996 4075 4207 4270 4422 4485 4536 4597 4719 4807
60 60 145 240 412 499 519 552 623 672 748 826 912 996 1125 1231 1364 1453 1528 1604 1661 1743 1833 1937 2001 2093 2157 2279 2306 2375 2446 2515 2577 2650 2831 2892 2993 3019 3139 3279 3354 3399 3502 3593 3672 3782 3836 3936 3978 4036 4119 4222 4300 4363 4417 4477 4511 4616 4662 4728 4795
56 61 158 225 286 385 401 492 517 606 690 745 824 915 1051 1181 1287 1371 1464 1542 1581 1643 1721 1774 1856 1889 2011 2154 2265 2334 2377 2472 2508 2594 2712 2863 2970 3064 3217 3301 3410 3457 3525 3605 3673 3807 3881 4000 4085 4131 4243 4311 4378 4465 4585 4772 4813
61 62 152 234 359 460 505 592 694 790 928 1017 1102 1186 1246 1307 1380 1423 1489 1536 1619 1670 1790 1892 1913 1967 2068 2136 2198 2323 2408 2506 2624 2652 2779 2844 2894 2937 2978 3060 3245 3310 3397 3431 3467 3547 3697 3783 3839 3879 3946 4006 4041 4152 4221 4280 4365 4448 4525 4639 4709 4802
63 63 160 230 294 361 447 534 714 815 902 948 1000 1100 1156 1239 1280 1323 1390 1441 1570 1627 1665 1725 1807 1852 1887 1997 2034 2070 2172 2268 2330 2387 2419 2498 2569 2670 2783 2870 2989 3023 3086 3168 3226 3342 3424 3480 3559 3711 3777 3841 3928 4001 4048 4124 4204 4283 4369 4479 4612 4638 4739 4812
55 64 163 201 303 403 510 541 605 651 754 820 879 954 1031 1140 1225 1385 1466 1588 1653 1727 1809 1944 2039 2181 2205 2276 2352 2417 2553 2629 2733 2823 2913 3004 3076 3195 3237 3311 3478 3548 3624 3709 3732 3787 3959 4063 4178 4250 4329 4389 4466 4603 4735 4797
59 65 176 266 357 439 531 613 673 732 874 1001 1083 1088 1135 1208 1270 1345 1469 1538 1631 1744 1803 1867 1951 2048 2180 2235 2321 2388 2463 2588 2628 2734 2819 2845 2979 3084 3166 3261 3415 3496 3540 3639 3689 3744 3848 3954 4049 4141 4208 4260 4343 4405 4472 4500 4591 4670 4724 4768
58 66 107 204 243 387 506 535 601 734 810 867 931 1021 1147 1267 1304 1444 1481 1561 1655 1745 1873 1963 2016 2135 2196 2282 2369 2471 2535 2614 2691 2750 2885 2954 3034 3165 3223 3274 3335 3466 3562 3682 3718 3826 3908 3992 4055 4102 4172 4269 4388 4440 4514 4587 4631 4748 4787
56 67 210 301 389 446 477 524 640 823 939 1010 1129 1249 1360 1548 1662 1780 1897 1983 2036 2126 2171 2218 2291 2364 2428 2486 2611 2738 2790 2878 3002 3103 3213 3300 3384 3455 3493 3549 3582 3685 3756 3819 3885 3944 4046 4112 4203 4297 4367 4408 4470 4545 4590 4706 4742
58 68 86 178 272 314 422 543 655 723 755 897 1033 1143 1209 1328 1410 1487 1599 1666 1724 1794 1925 1970 2002 2105 2194 2288 2310 2429 2528 2597 2655 2725 2810 2859 2900 2996 3096 3181 3229 3321 3374 3449 3523 3583 3712 3802 3868 3953 4032 4160 4225 4375 4503 4568 4655 4698 4843
63 69 122 183 244 309 391 440 503 582 681 752 771 833 927 1028 1132 1234 1286 1358 1426 1490 1593 1629 1742 1778 1837 1876 2008 2087 2160 2211 2267 2336 2480 2573 2630 2671 2709 2817 2966 3037 3081 3161 3307 3411 3508 3573 3659 3760 3833 3909 4005 4095 4155 4233 4275 4392 4434 4512 4632 4664 4738 4818
64 70 131 253 323 372 437 533 607 691 744 812 913 977 1070 1133 1200 1306 1366 1463 1571 1640 1736 1808 1861 1952 2019 2128 2251 2354 2438 2488 2583 2648 2689 2716 2751 2872 2939 3001 3121 3216 3278 3337 3380 3469 3587 3690 3739 3785 3823 3861 3939 4016 4104 4174 4218 4308 4335 4474 4548 4630 4712 4756 4832
58 71 100 144 268 332 413 530 590 688 749 798 922 980 1077 1206 1277 1335 1363 1482 1576 1678 1712 1755 1823 1987 2067 2174 2231 2304 2345 2454 2516 2676 2814 2891 2997 3077 3136 3197 3270 3324 3404 3539 3599 3717 3794 3942 4043 4130 4294 4341 4395 4490 4540 4629 4703 4770 4845
63 72 84 124 189 279 330 438 500 595 770 854 982 1099 1197 1278 1409 1473 1550 1645 1713 1812 1843 1927 1994 2023 2044 2112 2163 2210 2250 2337 2409 2482 2579 2660 2710 2801 2914 2956 3015 3092 3164 3286 3340 3378 3465 3566 3661 3780 3832 3903 3940 4040 4121 4193 4223 4303 4374 4452 4579 4659 4757 4788
61 73 155 296 353 455 522 612 667 783 886 966 1067 1110 1188 1258 1340 1395 1474 1575 1664 1723 1828 1938 2014 2086 2177 2239 2280 2416 2570 2617 2651 2728 2777 2839 2919 3048 3146 3236 3258 3280 3356 3385 3463 3512 3629 3654 3775 3843 3877 3937 4028 4150 4236 4304 4394 4443 4546 4622 4750 4856
61 74 113 197 249 373 432 497 557 619 666 739 835 938 989 1046 1095 1169 1216 1347 1448 1467 1533 1698 1811 1893 1996 2066 2151 2262 2335 2441 2539 2622 2698 2797 2861 2958 3056 3116 3151 3208 3235 3291 3394 3472 3567 3670 3726 3854 3918 3986 4098 4158 4251 4339 4446 4516 4604 4682 4745 4793
65 75 140 196 306 364 451 554 648 704 715 808 872 935 965 1004 1032 1107 1157 1253 1292 1329 1373 1412 1513 1569 1656 1699 1756 1826 1919 2020 2088 2246 2325 2393 2435 2551 2616 2715 2833 2938 2990 3068 3109 3156 3240 3293 3351 3428 3499 3588 3674 3767 3817 3896 3973 4079 4173 4263 4355 4404 4469 4601 4737 4775
53 76 137 248 384 449 580 669 766 832 895 984 1074 1179 1268 1362 1418 1541 1673 1786 1877 2026 2085 2137 2237 2297 2365 2477 2554 2684 2757 2854 2967 3024 3061 3108 3227 3353 3474 3606 3693 3765 3895 4004 4074 4118 4232 4295 4373 4435 4538 4594 4716 4836
53 77 111 224 259 346 488 575 661 738 778 860 904 976 1086 1172 1230 1339 1460 1610 1752 1842 1965 2052 2122 2241 2404 2559 2690 2792 2899 2961 3008 3066 3180 3228 3346 3440 3581 3683 3754 3860 3916 3950 3997 4072 4175 4268 4332 4457 4542 4583 4674 4731
67 78 211 297 355 396 452 546 608 750 828 943 1008 1055 1080 1119 1160 1215 1300 1353 1432 1497 1546 1676 1772 1848 1921 1957 2018 2134 2233 2283 2342 2448 2517 2591 2633 2677 2700 2787 2889 2948 3057 3152 3222 3319 3419 3487 3572 3608 3642 3679 3771 3853 3883 3976 4031 4125 4188 4215 4316 4344 4421 4476 4665 4689 4761 4853
61 79 139 219 254 334 395 471 587 677 775 855 950 1014 1117 1251 1348 1407 1495 1607 1686 1737 1839 1911 1979 2015 2073 2159 2256 2343 2440 2533 2608 2682 2721 2763 2848 2923 3020 3069 3182 3254 3383 3448 3483 3516 3590 3656 3710 3803 3872 3972 4042 4133 4226 4320 4409 4484 4533 4625 4672 4801
65 80 99 184 202 276 343 402 464 559 615 727 822 875 924 1005 1061 1123 1226 1311 1383 1445 1511 1612 1760 1815 1884 1955 2017 2100 2175 2331 2372 2447 2540 2615 2675 2743 2767 2852 2906 3054 3104 3169 3248 3396 3515 3615 3665 3694 3790 3822 3935 4024 4073 4138 4213 4310 4384 4433 4527 4586 4646 4692 4777 4833