14 0 482 490 941 984 1006 1068 1102 1206 1281 1796 1864 3517 3708
7 1 852 2444 2712 3004 3275 3705
4 2 404 411 3607
10 3 409 524 974 1012 1042 1091 1099 3441 3771
9 4 405 412 658 1118 1174 1235 3267 3707
18 5 438 1011 1069 1113 1187 1254 1837 1997 2074 2285 2424 2531 2622 2722 2814 3135 3399
12 6 1668 1735 1820 2218 2384 2595 2744 2815 2914 3045 3424
18 7 1149 1228 1277 1667 1742 1846 1956 2053 2127 2277 2357 2503 2745 2863 3228 3458 3788
18 8 1072 1260 1332 1417 1499 1585 1755 1815 1902 2106 2432 2613 2887 3076 3189 3467 3779
16 9 683 732 1595 1771 1849 1962 2113 2258 2313 2606 2781 3005 3241 3584 3769
8 10 1550 2501 2648 2816 3016 3234 3740
17 11 1458 1554 1641 1768 1862 1901 2072 2125 2261 2490 2559 2697 3017 3186 3447 3732
8 12 2244 2351 2574 2716 3099 3444 3855
15 13 356 520 1330 1470 1779 2038 2190 2391 2672 2772 2985 3297 3540 3777
10 14 796 2359 2486 2700 2968 3131 3323 3421 3726
21 15 429 436 457 475 725 1264 1284 1329 1386 1455 1557 1675 1765 2021 2219 2300 2516 2891 3286 3614
19 16 407 802 826 1528 1566 1702 1854 1981 2175 2211 2418 2596 2639 2750 2988 3239 3486 3851
4 17 929 973 3825
7 18 1578 1659 1750 1857 1948 2107
8 19 1033 1088 1129 1422 1478 1635 3783
6 20 2066 2260 2536 2623 3651
6 21 561 2792 3006 3477 3814
3 22 504 519
20 23 369 768 804 816 837 873 902 927 962 970 1015 2400 2539 2694 2875 3026 3181 3400 3737
8 24 2447 2589 2854 2987 3198 3575 3835
7 25 1687 1776 1918 2040 2254 3710
23 26 392 552 567 633 817 838 847 1019 1335 1420 1510 1619 1802 2018 2180 2412 2525 2768 3062 3217 3488 3678
6 27 368 2627 2888 2975 3456
9 28 1137 1217 1350 3072 3304 3605 3725 3845
20 29 1304 1372 1452 1544 1616 1706 1832 1941 2002 2117 2179 2282 2395 2620 2817 3061 3237 3603 3868
12 30 733 783 1441 1546 1623 1697 2845 3047 3215 3469 3758
9 31 2251 2356 2615 2692 2868 3201 3428 3800
7 32 690 730 2095 2230 2388 3908
9 33 466 483 989 1049 1108 1600 1707 1766
22 34 393 443 454 1051 1151 1222 1261 1352 1527 1602 1733 1830 1924 2023 2126 2283 2465 2631 2856 3050 3227
6 35 450 453 2172 2338 3652
7 36 505 870 2920 3256 3526 3813
13 37 1666 1805 1899 2048 2188 2339 2441 2556 2943 3081 3224 3535
9 38 574 2416 2652 2786 3078 3473 3619 3857
14 39 594 603 661 1575 1699 1828 1979 2124 2235 2381 2560 2783 3578
15 40 399 1761 1831 1927 2005 2167 2289 2544 2693 2913 3056 3192 3484 3699
9 41 2236 2422 2533 2665 2919 3109 3330 3516
12 42 364 1207 1300 1348 1416 1515 1584 1658 1778 3500 3871
7 43 471 853 1105 2365 2497 3833
12 44 1885 1994 2248 2348 2468 2592 2756 3040 3183 3388 3600
7 45 350 397 432 447 3440 3759
4 46 1080 1096 1154
8 47 2414 2541 2675 2872 3162 3351 3730
13 48 726 759 986 1009 1050 1115 2141 2242 2329 2636 2824 3082
12 49 388 800 823 1505 1661 1829 1886 2115 2315 2494 3713
8 50 1438 1476 1560 1665 3248 3442 3766
8 51 540 549 1039 1064 1110 1363 3728
15 52 856 1825 1897 1951 2037 2159 2225 2352 2598 2840 3042 3298 3599 3901
12 53 444 891 2176 2268 2347 2601 2729 3079 3328 3566 3827
14 54 585 712 1362 1396 2015 2216 2515 2762 2871 3220 3377 3784 3875
18 55 644 653 673 691 718 744 911 949 980 1004 1020 1065 1112 1532 1627 3503 3789
4 56 845 3142 3641
8 57 739 778 790 825 3117 3382 3700
15 58 679 685 700 754 1694 1790 1872 1998 2128 2290 2632 2819 2864 2980
4 59 559 711 3741
21 60 410 1208 1231 1322 1432 1494 1547 1608 1731 1878 2009 2150 2297 2464 2577 2739 2961 3098 3332 3581
12 61 387 638 2077 2198 2397 2532 2906 3083 3321 3476 3797
11 62 442 1732 1808 1937 2089 2255 2386 3141 3355 3572
1 63
15 64 855 903 942 1543 2042 2112 2301 2496 2638 2738 2893 3265 3433 3849
5 65 2233 2406 3413 3720
6 66 777 805 828 1508 3642
12 67 606 629 641 2092 2109 2298 2542 2869 3084 3419 3606
5 68 383 496 3483 3555
5 69 401 1140 1199 3903
14 70 568 701 745 781 806 2173 2253 2382 2709 3019 3247 3455 3715
21 71 643 680 713 740 766 789 815 820 840 901 954 991 1029 1060 1098 1189 1247 1367 3231 3510
15 72 995 1018 1364 1454 1734 1839 1874 2044 2208 2383 2604 2837 3048 3509
14 73 430 657 1044 1094 1135 1198 1270 2616 2726 2978 3167 3551 3702
15 74 508 981 1024 1058 1141 1155 1272 1295 2485 2582 3260 3312 3475 3688
2 75 3858
10 76 599 963 1442 1599 1688 1738 3255 3490 3808
7 77 1980 2129 2376 2504 3547 3840
14 78 361 765 1219 1282 1393 2086 2203 2349 2820 3028 3091 3389 3691
8 79 1978 2345 2512 2685 2842 3176 3457
10 80 481 905 950 2808 2964 3101 3314 3536 3636
13 81 446 459 1488 1612 1753 1895 1985 2060 2148 2336 2507 3907
8 82 413 553 575 2323 2611 3664 3865
26 83 576 597 610 636 665 684 710 747 785 794 814 1656 1720 1740 1863 1955 2116 2257 2476 2603 2760 2912 3129 3446 3660
16 84 583 846 864 1056 1121 1176 1256 1342 1437 1472 1530 1626 1868 3481 3895
1 85
14 86 774 1016 1041 1236 1316 2043 2082 2195 2505 2742 3264 3396 3692
23 87 521 577 584 612 623 746 760 775 795 809 1632 1696 1787 1882 1903 2008 2431 2939 3104 3197 3602 3743
15 88 1676 1804 1926 2061 2135 2483 2677 2799 2940 2992 3219 3426 3563 3843
4 89 384 582 3795
8 90 366 1278 1365 1436 1555 1596 3862
7 91 458 1200 1230 1310 1397 3745
11 92 634 1892 2003 2139 2474 2649 2921 3180 3402 3680
18 93 468 525 543 1405 1490 1597 1704 1811 1986 2094 2239 2396 2553 2749 3015 3277 3669
17 94 365 465 533 706 742 1026 1166 1240 1358 1388 1443 1501 1559 2810 3335 3659
15 95 752 1556 1636 1751 1817 1898 2131 2259 2374 2508 2690 3057 3337 3765
14 96 798 813 843 2156 2204 2294 2402 2510 2708 2769 2932 3051 3464
15 97 1073 1171 1280 1354 1444 1540 2612 2830 2996 3244 3409 3459 3593 3879
3 98 3518 3911
17 99 734 753 776 1077 1179 1218 1292 1402 1507 1655 2425 2551 2747 3153 3567 3663
17 100 958 992 1059 1114 1186 1241 1341 1469 1565 1654 1764 1960 2134 3288 3479 3861
22 101 830 861 890 1193 1265 1312 1425 1535 1621 1719 1889 2011 2146 2243 2401 2642 2743 2965 3222 3378 3747
5 102 362 3284 3524 3698
8 103 2387 2530 3100 3250 3415 3629 3756
11 104 1104 1159 1195 1253 1303 1415 1503 3203 3390 3714
4 105 1793 3465 3687
4 106 500 960 3775
22 107 484 495 1052 1095 1175 1276 1355 1378 1758 1843 1976 2064 2229 2415 2529 2600 2852 3103 3343 3616 3896
8 108 390 2499 2713 2941 3123 3357 3595
2 109 647
9 110 544 560 578 2706 2827 3086 3531 3760
11 111 536 882 2293 2576 2834 2966 3137 3434 3576 3853
5 112 824 2991 3293 3667
9 113 1607 2570 2670 2853 3025 3223 3499 3828
16 114 1424 1500 1564 1625 1767 1947 2049 2165 2212 2471 2605 2771 3068 3315 3819
16 115 628 678 698 721 737 1772 1919 2114 2151 2346 2540 2785 2993 3287 3633
21 116 620 631 988 1224 1239 1286 1346 1411 1451 1482 1576 1794 1900 2022 2309 2549 2832 2981 3272 3676
17 117 492 782 803 833 868 886 912 940 2240 2370 2651 2741 2874 3154 3448 3794
13 118 1229 1306 1427 1513 1614 1723 1821 1908 2012 2155 3449 3733
4 119 2998 3407 3792
6 120 2624 2926 3130 3542 3826
9 121 1859 2121 2232 2511 2759 2947 3214 3511
9 122 1087 1124 1184 2696 2973 3124 3302 3609
19 123 622 1356 1426 1498 1568 1642 1680 1777 1869 1961 2178 2310 2484 2881 3111 3233 3634 3749
2 124 3703
8 125 677 2241 2364 2561 3128 3405 3909
4 126 3238 3391 3592
7 127 2181 2331 2565 3438 3682 3847
11 128 381 851 893 917 972 1010 2434 2630 3466 3830
3 129 1214 1289
12 130 398 874 909 937 2535 2758 3191 3339 3533 3683 3867
7 131 801 923 946 2984 3376 3546
7 132 451 2585 3000 3281 3556 3809
13 133 663 668 1246 1293 1398 1524 1586 1708 1834 1949 2103 3899
11 134 472 534 547 2104 2307 2456 3092 3333 3613 3904
13 135 542 1337 1640 1718 1847 1959 2069 2192 2316 2528 3263 3645
9 136 1165 1209 1858 1971 2138 2264 2367 3656
12 137 1325 1361 2133 2252 2439 2724 2909 3023 3326 3635 3864
13 138 363 539 687 735 1561 1646 1711 1841 1983 2045 2084 3839
16 139 1249 1351 1414 1492 1628 1762 2001 2056 2102 2292 2676 2898 3089 3478 3834
12 140 614 1429 1529 1629 2333 2427 2502 2841 3074 3345 3585
5 141 503 3146 3505 3894
9 142 1307 1357 1465 1567 1638 2678 3461 3876
8 143 671 693 727 1160 1268 3249 3591
9 144 394 630 652 1920 2020 2213 3021 3570
6 145 2547 2668 3174 3354 3573
15 146 1340 1406 1495 1594 1861 1964 2071 2220 2322 2429 2575 2882 3313 3626
16 147 441 1617 1664 1717 1775 1915 2024 2098 2189 2479 2669 2908 3063 3230 3534
11 148 1046 1126 1259 1290 1385 2280 2634 3243 3757 3892
5 149 1690 3208 3375 3731
15 150 485 1673 1747 1860 1910 2193 2340 2394 2695 2880 2997 3145 3340 3580
8 151 1243 1328 1484 2950 3067 3301 3571
10 152 360 556 2445 2608 2774 3148 3295 3492 3718
9 153 731 2143 2666 2828 2949 3307 3628 3881
5 154 1103 1212 3300 3690
21 155 1220 1250 1343 1412 1487 1519 1631 1754 1867 1905 2122 2221 2463 2495 2545 2704 2928 3270 3568 3882
13 156 351 1517 1624 1844 1945 2153 2378 2554 2804 3125 3276 3706
13 157 707 1133 1190 1266 2039 2169 2487 2718 2937 3136 3362 3844
19 158 422 440 897 1389 1468 1526 1611 1710 1824 1922 1984 2065 2199 2368 2537 2807 3188 3470
20 159 373 555 579 1225 1294 1366 1433 1549 1701 1855 1940 2085 2303 2421 2588 2846 3110 3501 3640
10 160 1279 1884 2025 2228 2450 2737 3007 3367 3729
12 161 571 589 601 611 772 990 2245 2513 2765 2956 3358
10 162 1251 1331 1401 1439 1551 3204 3365 3631 3893
14 163 437 506 1374 1581 1663 1798 2073 2201 2454 2667 3036 3348 3781
10 164 467 2473 2571 2705 2954 3179 3349 3583 3818
17 165 1093 1127 1178 1248 1301 1371 1419 1479 1683 1800 1850 1942 2058 2130 2275 2436
7 166 2355 2628 2796 3185 3282 3569
12 167 434 449 787 1797 2010 2099 2986 3077 3216 3549 3695
16 168 548 569 600 656 672 1061 1615 2393 2470 2647 2753 2951 3095 3347 3836
18 169 773 799 827 1131 1162 1317 1394 1534 1649 1682 1752 1838 1977 2227 2267 3262 3615
19 170 403 626 650 896 932 1506 1590 1684 1743 1923 2062 2265 2390 2538 2848 3034 3385 3686
12 171 427 2097 2231 2360 2449 2660 2917 3166 3274 3550 3763
10 172 2194 2350 2478 2591 2680 2850 3172 3394 3780
18 173 473 494 807 1017 1548 1603 1686 1803 1887 2197 2428 2590 2797 2892 3059 3291 3675
18 174 487 499 512 714 1724 1894 1968 2093 2177 2250 2342 2658 2805 2959 3163 3410 3762
6 175 355 936 2974 3143 3735
5 176 1075 1148 1185 3519
8 177 501 2299 2442 2663 2885 3127 3494
12 178 688 709 743 786 1227 2035 2171 2312 2578 2659 3553
6 179 1027 2784 3115 3387 3744
10 180 895 933 968 1008 1150 2778 3053 3346 3644
9 181 2017 2182 2435 2644 2862 3119 3171 3767
7 182 375 416 425 511 3408 3647
19 183 811 844 863 914 944 1142 1233 1359 1474 1931 2057 2206 2311 2558 2711 3049 3437 3786
19 184 479 489 493 507 876 1466 1489 1562 1685 1714 1933 2028 2075 2788 2870 3122 3472 3738
13 185 469 1305 1935 2033 2168 2343 2514 2714 2896 3150 3498 3804
8 186 1459 1563 1657 1692 1773 3528 3655
13 187 353 580 682 705 957 1003 1079 2637 2736 2977 3164 3662
22 188 385 461 854 887 935 1097 1145 1181 1974 2162 2237 2328 2392 2448 2625 2752 2806 2931 3118 3374 3430
10 189 654 667 689 723 1345 2910 3126 3462 3817
11 190 497 2262 2372 2572 2679 2904 3132 3384 3665 3890
16 191 386 831 857 1606 1730 1880 1992 2136 2269 2498 2728 2923 3029 3427 3816
10 192 2137 2318 2457 2633 2782 2958 3195 3403 3719
5 193 812 900 3596 3854
6 194 518 3087 3251 3422 3811
10 195 1601 2314 2459 2701 2761 2903 3094 3269 3586
10 196 2096 2377 2580 2740 2878 3031 3207 3506 3750
8 197 1672 2684 2780 3038 3285 3463 3852
12 198 670 686 728 1205 1252 1369 2461 2656 3013 3245 3508
8 199 570 587 2305 2411 2573 2721 2894
17 200 510 627 639 717 1939 2080 2266 2287 2534 2635 2731 2831 3052 3193 3240 3412
20 201 1132 1167 1216 1326 1431 1502 1613 1721 1799 1936 2052 2160 2373 2703 2890 3044 3209 3316 3761
2 202 3658
13 203 562 1100 1144 1158 1196 1267 1313 2751 3043 3211 3369 3754
27 204 523 538 884 907 930 964 999 1047 1089 1156 1215 1403 1461 1516 1605 1700 1848 1925 2004 2164 2327 2369 2506 2661 3594 3897
8 205 2419 2674 2877 2955 3225 3532 3815
11 206 1308 1382 1428 2184 2410 2770 2927 3102 3451 3810
4 207 358 531 3648
6 208 431 522 703 722 3877
8 209 480 2123 2481 2767 2873 3116 3650
7 210 708 1327 2861 3032 3420 3751
5 211 862 920 969 3887
4 212 3418 3632 3856
28 213 716 866 888 928 987 1023 1067 1161 1234 1321 1377 1456 1574 1644 1691 1807 1913 1982 2142 2324 2389 2546 2803 3058 3178 3588 3793
8 214 770 1311 1533 2933 3336 3537 3601
3 215 419 3829
16 216 456 463 1030 1083 1134 1203 1258 1296 1381 1473 2793 2935 3030 3252 3565
15 217 1413 1525 1677 1741 1871 1995 2090 2276 2475 2564 2907 3268 3562 3874
8 218 1827 1893 1991 2813 3133 3425 3773
8 219 529 609 637 2599 2773 3075 3452
12 220 452 573 2185 2308 2452 2597 2766 3009 3212 3497 3625
18 221 435 478 899 938 965 1014 1074 1143 1226 1323 2686 2922 3113 3324 3380 3582 3801
5 222 835 860 2149 3822
10 223 621 2055 2272 2335 2594 2979 3158 3454 3590
4 224 3202 3398 3723
6 225 648 660 674 697 3878
7 226 894 1763 1875 2925 3404 3799
17 227 377 391 554 563 591 1005 1480 1580 1728 1876 1928 2884 3105 3331 3598 3796
12 228 625 640 1705 2161 2353 2500 2664 2889 3012 3401 3620
17 229 414 841 865 913 1063 1116 1172 1245 1302 1400 1467 1571 1639 1785 1921 3746
6 230 535 1001 3112 3210 3560
7 231 695 1509 2007 3280 3370 3621
10 232 439 2270 2420 2657 2897 3121 3308 3496 3900
2 233 3679
16 234 748 1130 1191 1285 1408 1504 1695 1781 1833 1943 2145 2249 3088 3344 3604
5 235 1866 2034 2281 2451
8 236 448 2380 2733 2936 3292 3487 3742
7 237 646 953 2775 3139 3417 3902
12 238 426 2144 2223 2433 2584 2727 2962 3140 3368 3638 3782
21 239 645 829 1025 1070 1078 1262 1409 1496 1558 1689 1853 2047 2332 2458 2583 2779 2945 3090 3373 3624
6 240 2166 2274 2354 2518 3886
15 241 915 926 939 975 993 1036 1081 1188 1263 2263 2602 2812 2994 3772
11 242 1333 2027 2207 2520 2855 2901 3064 3157 3482 3823
12 243 515 526 541 551 566 1957 2051 2170 2363 2480 3770
14 244 982 1021 1043 1085 1169 1271 1360 1471 1570 1725 1816 1911 3805
19 245 750 780 808 1531 1643 1712 1782 1890 1958 2019 2246 2398 2472 2698 2839 3020 3278 3646
14 246 1034 1125 1202 1324 1410 1464 2361 2523 2811 3107 3485 3618 3776
12 247 934 948 1729 1865 2110 2286 2467 2990 3229 3468 3859
17 248 931 971 994 1035 1082 1119 1970 2140 2317 2407 2555 2689 2886 3242 3657 3884
16 249 649 858 889 1818 1969 2054 2214 2438 2491 2614 2801 3144 3226 3453 3869
11 250 477 502 516 2205 2430 2621 2757 3070 3395 3806
10 251 1972 2158 2341 2462 2569 2763 2915 3155 3597
13 252 509 1996 2196 2358 2673 2790 2918 3041 3120 3309 3554 3755
10 253 2091 2234 2399 2548 2682 2879 3196 3353 3807
8 254 771 791 836 2929 3213 3489 3722
6 255 869 3080 3432 3541 3831
8 256 379 810 821 1521 1593 1651 3630
3 257 557 694
9 258 615 632 1679 1806 1946 3168 3303 3721
16 259 651 1888 1965 2070 2209 2334 2417 2654 2777 3018 3218 3305 3381 3611 3873
16 260 1076 1120 1183 1493 1650 1703 1788 1973 2081 2187 2284 2362 2593 2791 3512
6 261 527 616 1993 3564 3880
7 262 1934 2032 2157 3325 3520 3891
17 263 832 881 916 967 1031 1462 1545 1634 2154 2344 2466 2586 2710 2946 3246 3515
10 264 762 867 1152 1255 2567 2746 2905 3173 3539
4 265 3319 3543 3790
15 266 517 1999 2088 2191 2306 2443 2552 2800 2899 3054 3266 3423 3748 3910
6 267 1399 2967 3187 3429 3689
3 268 983 1648
4 269 1334 1392 1445
13 270 741 751 761 1002 1032 1107 1299 1380 1538 1727 2681 3681
8 271 382 699 1523 1653 3097 3552 3863
7 272 1106 2900 2995 3206 3435 3545
9 273 406 666 681 692 1791 3261 3480 3677
10 274 769 2517 2640 2720 2795 3011 3258 3474 3768
7 275 370 966 2952 3175 3310 3674
10 276 395 402 462 474 486 1909 2101 2304 2423
4 277 3363 3717 3850
31 278 736 779 793 842 904 922 952 976 1000 1066 1146 1192 1275 1318 1453 1536 1622 1647 1737 1822 2013 2200 2385 2521 2619 2857 3008 3271 3622 3832
5 279 1057 1123 1177 3610
20 280 367 763 1028 1084 1139 1204 1283 1353 1423 1460 1553 1588 1620 1722 1780 1873 1990 3495 3709
11 281 378 2224 2319 2446 2566 2723 2963 3200 3666 3841
5 282 3065 3411 3538 3764
3 283 3108 3416
14 284 1347 1786 1952 2100 2238 2337 2527 2646 2859 2934 3205 3439 3684
9 285 945 1147 1182 1242 1315 3199 3342 3612
9 286 371 2764 2829 2865 2969 3194 3460 3802
6 287 2641 2826 3134 3379 3774
3 288 396 2288
14 289 424 959 1168 1194 1297 1491 1572 1652 1739 2948 3184 3589 3883
5 290 530 537 3445 3787
20 291 408 433 1163 1221 1338 1375 1715 1759 1842 1879 2029 2152 2325 2492 2688 2911 3106 3279 3704
10 292 608 1007 1071 2460 2629 2849 2982 3232 3906
16 293 1349 1384 1435 1589 1693 1810 1907 2036 2147 2404 2526 2858 3152 3406 3627
10 294 421 428 659 669 758 784 792 819 3548
11 295 359 598 624 2509 2802 3071 3361 3623 3697 3860
15 296 1418 1457 1512 1577 1709 1770 1881 2111 2273 2717 2957 3046 3318 3734
8 297 834 859 1809 1954 3159 3414 3727
11 298 1446 2271 2330 2477 2579 2836 2999 3169 3521 3753
16 299 848 877 918 956 998 1038 1090 1111 1153 1370 1430 1483 1537 1637 3653
29 300 593 604 755 908 925 961 979 1045 1101 1197 1291 1368 1395 1463 1539 1645 1726 1795 1870 1988 2050 2174 2581 2734 2971 3151 3502 3694
10 301 588 885 1274 1344 1448 1522 2970 3311 3507
10 302 878 924 951 2653 2867 3027 3253 3798 3885
15 303 875 1013 1040 1086 1518 1877 2063 2247 2409 2493 2851 2953 3350 3785
22 304 420 513 528 546 572 586 596 605 618 822 850 872 898 1447 1604 1716 1819 1914 2078 2217 3608
12 305 724 729 749 2083 2183 2403 2563 2789 2944 3259 3654
11 306 357 415 2026 2120 2375 2655 2748 2972 3294 3693
9 307 985 1022 2408 2562 2822 3024 3386 3905
3 308 470 3842
14 309 418 797 1223 1390 1449 1912 1989 2087 2291 2662 2895 3371 3670
8 310 602 619 642 655 3114 3527 3685
6 311 488 1128 1201 1298 3701
12 312 1573 1610 1698 1789 1835 1916 2645 2847 3039 3273 3559
15 313 550 565 590 595 880 1475 1587 1674 1801 2626 2798 3066 3289 3544
14 314 374 1630 1757 1836 1966 2105 2326 2455 2730 2902 3236 3529 3846
10 315 1309 1387 1497 1582 1678 2876 2989 3283 3649
17 316 1440 1485 1609 1746 1814 1917 2118 2321 2469 2557 2691 3010 3156 3443 3574 3820
11 317 1314 1404 2030 2210 2426 2707 2883 3160 3561 3778
7 318 764 3001 3093 3290 3522 3696
14 319 464 1670 1745 1845 2006 2202 2489 2543 2843 3073 3327 3513 3898
10 320 460 476 491 2453 2732 2821 3014 3352 3673
7 321 2568 2687 2823 2942 3338 3637
8 322 617 2366 2617 2735 2916 3366 3724
3 323 545 592
9 324 883 943 978 1813 2016 3170 3504 3824
10 325 892 1883 2076 2108 2215 3003 3296 3739 3848
4 326 977 3334 3888
27 327 354 879 919 955 997 1053 1157 1180 1257 1339 1421 1481 1541 1569 1583 1669 1774 1891 2522 2683 2844 3096 3257 3360 3557 3803
9 328 376 675 696 2860 3033 3182 3364 3712
6 329 1136 2825 2983 3138 3436
15 330 380 498 514 818 1744 1856 1930 2046 2186 2278 2524 2938 3235 3525
8 331 635 788 2715 2866 3161 3329 3579
10 332 558 581 1953 2059 2725 2924 3085 3320 3866
11 333 352 372 1486 2222 2488 2833 3177 3356 3491 3870
12 334 607 1520 1618 1671 1749 1904 2079 2296 3299 3736 3872
18 335 839 871 910 947 996 1062 1117 1173 1237 1784 1906 2031 2671 2835 3002 3431 3671
9 336 389 400 532 564 613 849 3530 3837
14 337 704 720 757 1273 1288 2379 2643 2809 3069 3306 3514 3716 3889
16 338 417 423 1336 1391 1477 1598 1783 1944 2041 2482 2699 2755 3035 3341 3672
11 339 664 702 719 738 767 1211 2818 2930 3471 3752
8 340 2607 2794 2976 3190 3322 3577 3812
5 341 3147 3383 3643 3791
16 342 1055 1092 1109 1164 1232 1376 1450 1591 1713 1792 1851 3037 3149 3317 3668
14 343 445 455 1769 1812 1967 2320 2610 2787 3022 3221 3393 3661 3838
13 344 1840 1938 2068 2256 2295 2405 2550 2650 2960 3165 3372 3639
22 345 662 676 715 756 906 921 1244 1373 1511 1592 1681 1760 1823 1929 1987 2067 2437 2618 2776 3254 3397
18 346 1238 1319 1379 1407 1542 1579 1660 1736 1896 2000 2132 2279 2440 2587 3392 3450 3587
25 347 1054 1122 1170 1210 1269 1320 1383 1434 1514 1633 1756 1932 1963 2163 2302 2413 2609 2754 2838 3055 3359 3523 3617 3711
14 348 1037 1048 1138 1213 1287 1852 1950 2014 2226 2371 2719 3558 3821
11 349 1552 1662 1748 1826 1975 2119 2519 2702 3060 3493