2 0 1834
9 1 494 539 774 867 1182 1333 1672 2009
6 2 634 729 1600 1792 2014
4 3 707 1661 1926
2 4 1955
6 5 1017 1126 1350 1767 1869
1 6
2 7 1114
2 8 1744
3 9 1655 1975
6 10 632 763 1467 1658 1880
6 11 670 756 1417 1573 1820
2 12 1845
3 13 1720 2039
4 14 1303 1640 1979
5 15 595 664 1037 1465
3 16 1569 2056
3 17 719 1462
1 18
6 19 418 1013 1195 1442 2036
1 20
5 21 645 755 1168 1378
9 22 760 891 990 1090 1239 1576 1740 1999
4 23 802 1432 1736
6 24 410 1157 1287 1531 1758
6 25 1145 1249 1491 1538 1958
6 26 741 777 895 1003 1819
7 27 951 1075 1215 1457 1641 1937
6 28 816 957 1110 1255 1411
3 29 409 437
5 30 569 876 1093 1651
2 31 1771
6 32 469 1329 1495 1708 2044
3 33 1418 1858
4 34 813 948 1508
9 35 475 506 537 663 716 782 873 1662
4 36 1199 1533 1977
5 37 712 1368 1625 2010
3 38 1269 1745
6 39 519 577 743 815 1009
4 40 587 1551 1956
5 41 441 757 1636 1971
7 42 865 1026 1223 1374 1688 1986
3 43 992 1190
5 44 1071 1290 1632 1791
6 45 981 1109 1274 1557 1695
6 46 513 558 904 1112 1339
10 47 457 502 573 958 1045 1124 1248 1398 1558
6 48 404 919 1040 1334 1664
4 49 1385 1703 2061
4 50 882 1018 1752
4 51 1299 1592 1787
11 52 567 614 678 731 826 889 961 1072 1118 1399
8 53 765 918 1049 1267 1525 1783 2001
3 54 1138 1319
4 55 413 1099 1146
3 56 1754 2024
5 57 456 679 1585 1894
2 58 1652
1 59
4 60 1484 1810 1969
5 61 416 995 1226 1957
5 62 1084 1444 1719 1896
6 63 963 1030 1129 1448 1722
8 64 512 609 885 987 1115 1589 1776
10 65 606 660 677 701 745 831 1616 1827 2064
6 66 493 541 579 1515 1877
3 67 710 1960
4 68 1262 1496 1887
9 69 451 843 1031 1101 1163 1380 1656 1852
2 70 1989
5 71 1235 1400 1753 1970
8 72 775 894 1152 1355 1454 1598 1797
3 73 1364 1666
7 74 561 617 654 799 1034 1212
5 75 1107 1236 1464 1794
8 76 605 975 1044 1149 1347 1653 2006
4 77 762 1455 1742
7 78 713 780 960 1137 1777 2033
4 79 1317 1487 1806
5 80 952 1281 1459 2003
7 81 523 564 979 1191 1473 1932
2 82 2047
8 83 653 899 1219 1420 1650 1857 2000
3 84 403 464
8 85 504 964 1179 1297 1577 1784 1920
2 86 1938
6 87 1079 1142 1310 1519 1908
5 88 400 422 465 1944
1 89
9 90 726 888 1029 1121 1181 1369 1536 1922
6 91 505 808 906 1717 1864
5 92 488 1383 1734 1942
7 93 672 739 784 1055 1770 2028
9 94 893 1051 1196 1311 1500 1667 1898 1996
10 95 449 642 956 1035 1224 1328 1443 1668 2070
6 96 912 1133 1210 1702 1921
6 97 554 601 704 776 978
4 98 461 492 1143
5 99 1301 1409 1779 2050
7 100 481 516 581 674 790 1721
3 101 1521 1821
6 102 484 547 662 1320 1646
6 103 652 1169 1424 1697 2060
7 104 829 946 1174 1307 1518 1775
4 105 534 667 1300
5 106 545 637 1356 1931
3 107 1540 1893
2 108 1862
3 109 424 1660
3 110 1105 2054
3 111 1568 1911
12 112 689 724 827 877 959 1117 1270 1357 1630 1728 1928
7 113 420 748 916 1094 1309 1555
6 114 936 1060 1375 1622 1982
11 115 553 628 830 897 945 1057 1154 1260 1485 1725
7 116 878 966 1155 1326 1782 1954
4 117 406 1729 1948
7 118 542 608 658 759 1692 1817
6 119 452 1073 1306 1611 1895
8 120 533 625 907 1033 1240 1428 1802
7 121 559 636 809 922 1006 1974
8 122 699 801 879 1197 1389 1606 1940
5 123 1253 1451 1812 2058
5 124 993 1077 1293 1866
9 125 814 886 988 1122 1250 1407 1629 1959
9 126 708 842 901 1275 1384 1552 1743 1890
5 127 522 1085 1359 2004
6 128 433 598 1377 1617 1755
7 129 720 834 1074 1460 1564 1916
3 130 596 626
3 131 1627 1914
3 132 1061 1927
7 133 620 1086 1245 1543 1727 1868
10 134 671 700 837 989 1156 1338 1483 1583 1749
6 135 446 1160 1406 1735 1952
1 136
6 137 668 845 1446 1815 2059
5 138 555 1175 1304 1915
6 139 833 935 1187 1560 2029
6 140 1395 1504 1637 1828 2022
7 141 510 684 860 1102 1439 1994
1 142
5 143 1241 1497 1620 1773
1 144
4 145 1352 1492 1897
5 146 480 1130 1282 1594
8 147 560 588 997 1059 1233 1532 1682
3 148 1452 1529
5 149 796 1644 1809 2065
8 150 435 450 779 832 905 1206 1919
5 151 685 1718 1856 1980
7 152 466 934 1014 1371 1712 2007
8 153 744 862 925 1041 1252 1601 1840
5 154 798 1010 1194 1685
3 155 828 1582
8 156 521 848 914 1007 1225 1621 1795
7 157 411 1081 1220 1325 1588 1925
4 158 1069 1227 1381
5 159 496 818 1578 1769
5 160 1036 1148 1481 1848
7 161 498 552 603 892 1019 1876
6 162 1025 1125 1294 1426 1818
8 163 580 733 785 942 1012 1082 1772
7 164 459 482 529 566 1663 1995
4 165 1349 1534 1766
6 166 425 509 530 550 638
4 167 1113 1408 1790
5 168 440 1243 1499 1865
8 169 470 732 812 884 1285 1554 1837
1 170
5 171 690 1512 1825 2062
8 172 453 639 682 717 955 1254 1670
4 173 797 1412 1559
2 174 1092
9 175 527 591 752 850 1011 1189 1416 2013
3 176 1678 1849
6 177 497 548 982 1139 2021
6 178 515 633 747 985 1192
3 179 1186 1615
2 180 1786
1 181
4 182 1340 1507 1546
8 183 915 1098 1259 1449 1596 1826 1990
6 184 854 1153 1367 1619 1953
4 185 887 1038 2017
7 186 804 1096 1256 1463 1597 1888
5 187 401 1313 1604 1961
3 188 1623 2051
7 189 565 647 858 929 1022 1912
7 190 421 1302 1445 1608 1723 1934
5 191 1362 1677 1883 2057
5 192 1063 1095 1361 1563
9 193 575 622 727 856 1004 1277 1486 1904
5 194 676 764 1001 1981
8 195 880 1050 1237 1468 1684 1822 1943
10 196 661 734 883 1078 1278 1345 1425 1547 1814
3 197 1624 1946
6 198 973 1151 1308 1539 1907
7 199 458 500 702 1396 1686 1923
4 200 432 1635 1951
7 201 771 881 1161 1273 1526 1993
5 202 623 1185 1394 1610
5 203 442 898 1586 2011
5 204 1348 1392 1503 1705
3 205 927 1208
5 206 439 447 1756 2020
6 207 1144 1337 1501 1757 2072
7 208 483 508 543 593 1027 1929
5 209 438 1363 1614 1905
3 210 455 1645
9 211 514 583 631 1103 1170 1314 1456 1793
9 212 462 485 503 792 1209 1514 1741 2032
8 213 825 1008 1128 1257 1370 1548 1706
8 214 772 931 1016 1295 1549 1801 2043
6 215 600 751 902 1088 2034
10 216 738 817 903 977 1211 1353 1461 1681 1882
6 217 940 1136 1393 1544 1854
1 218
6 219 419 427 1289 1800 1991
6 220 941 1064 1477 1657 1997
3 221 1575 1892
9 222 407 954 1053 1104 1264 1437 1704 1936
7 223 852 1091 1232 1323 1673 2016
1 224
5 225 487 781 921 1140
5 226 1039 1204 1738 1933
7 227 909 1005 1164 1405 1566 1737
5 228 1268 1414 1609 1878
3 229 1422 1830
5 230 615 659 766 1693
1 231
8 232 692 767 937 1336 1488 1628 1998
5 233 613 1070 1207 1789
3 234 1903 2046
3 235 641 1150
5 236 1244 1366 1506 1709
4 237 1097 1231 1410
7 238 718 855 972 1058 1318 1900
5 239 681 839 949 1067
1 240
6 241 486 1265 1482 1711 1842
9 242 742 928 1171 1272 1403 1527 1665 1988
3 243 770 1545
6 244 528 715 778 1851 2075
5 245 428 443 1480 1867
3 246 1322 1747
1 247
6 248 436 1331 1471 1565 1873
7 249 584 730 847 991 1201 1344
3 250 844 1284
3 251 1698 1949
6 252 511 562 1242 1421 1987
6 253 890 1024 1292 1436 1654
4 254 556 820 2008
7 255 656 768 1162 1520 1798 1899
2 256 722
7 257 698 853 1048 1230 1599 1973
3 258 1571 1909
3 259 1731 1918
6 260 791 1205 1316 1580 1808
3 261 800 939
4 262 874 1062 1134
1 263
6 264 1056 1312 1470 1587 1835
3 265 1590 1884
4 266 460 1002 1785
3 267 472 1831
4 268 414 655 737
3 269 1341 1732
4 270 1141 1475 1724
4 271 431 1513 2015
5 272 589 740 807 1715
6 273 405 599 644 1247 1855
7 274 683 714 810 1180 1591 1941
6 275 611 635 1469 1561 2005
8 276 723 863 983 1054 1221 1524 1978
7 277 434 619 705 1147 1390 1633
8 278 735 821 870 1028 1218 1502 1833
7 279 680 841 933 1184 1413 1859
7 280 586 630 1089 1213 1433 2040
6 281 592 697 805 1739 2041
3 282 675 1813
9 283 696 754 846 947 1123 1202 1441 1676
10 284 448 467 629 725 965 1080 1283 1472 1764
5 285 602 1263 1453 1642
8 286 544 571 869 1288 1354 1680 1874
7 287 1127 1234 1386 1479 1759 2031
7 288 803 900 1305 1440 1716 1947
4 289 1286 1671 1963
9 290 454 524 604 864 1166 1404 1542 1885
7 291 1068 1176 1346 1631 1807 2018
5 292 489 535 1516 1659
6 293 753 875 998 1901 2053
5 294 531 572 616 1967
1 295
3 296 1556 1881
9 297 415 471 793 849 1047 1222 1379 1626
2 298 2067
3 299 1435 1713
6 300 491 1238 1434 1618 1972
2 301 2066
2 302 1816
9 303 402 532 938 1193 1279 1382 1537 1939
5 304 687 851 962 1935
6 305 999 1108 1321 1675 2025
3 306 736 2052
3 307 1423 1780
5 308 1429 1605 1805 2074
4 309 868 923 1649
6 310 859 1493 1774 1902 2026
9 311 423 474 525 711 750 994 1850 1930
5 312 1229 1535 1832 2030
8 313 501 538 597 1172 1280 1581 1730
4 314 1572 1823 2049
7 315 426 911 1183 1360 1553 1836
3 316 1699 2045
3 317 1829 2071
7 318 463 546 585 621 835 1696
8 319 624 721 968 1100 1330 1478 1863
8 320 643 857 969 1131 1388 1613 2023
1 321
6 322 823 910 1674 1853 2068
4 323 1401 1638 1811
6 324 1291 1505 1607 1846 2035
1 325
8 326 444 473 651 932 1111 1509 1733
1 327
3 328 429 1020
2 329 1917
7 330 477 517 607 649 773 1879
5 331 917 1021 1358 1700
5 332 445 479 1087 1860
6 333 783 1251 1419 1593 1847
4 334 967 1165 1246
6 335 930 980 1612 1765 2048
4 336 1119 1430 1788
6 337 1083 1258 1574 1750 1839
6 338 673 970 1106 1261 1781
5 339 1046 1365 1726 2037
7 340 1066 1120 1296 1517 1796 1976
3 341 1562 1992
8 342 582 694 871 1065 1228 1498 1751
1 343
6 344 984 1351 1530 1639 1983
5 345 1173 1266 1476 1875
2 346 1159
6 347 920 1052 1402 1579 1886
6 348 499 761 1342 1679 2019
3 349 1595 1913
7 350 703 806 866 996 1167 1343
5 351 1391 1541 1761 2002
7 352 594 691 822 1276 1510 1906
5 353 540 1397 1602 1950
6 354 495 657 786 872 1803
7 355 576 695 758 1567 1710 1962
8 356 819 1032 1188 1298 1523 1701 2055
6 357 650 1116 1214 1474 1984
6 358 1076 1198 1327 1687 1924
4 359 838 924 1000
2 360 1763
9 361 824 953 986 1158 1203 1332 1427 2012
4 362 1528 1768 2069
5 363 908 1271 1643 1841
5 364 551 1647 1824 2076
3 365 590 1910
4 366 669 1466 1871
5 367 1372 1458 1648 1891
4 368 518 943 1799
10 369 536 574 861 1042 1200 1335 1494 1689 1964
3 370 794 1838
3 371 1690 2038
6 372 408 549 749 1762 1945
2 373 1178
7 374 520 787 913 1373 1489 1694
8 375 412 627 665 709 788 1217 1376
3 376 476 971
6 377 568 648 1216 1522 2042
6 378 468 944 1324 1431 1707
7 379 578 693 950 1177 1570 1870
4 380 490 563 1015
4 381 478 795 1746
6 382 570 896 926 1490 1804
3 383 1683 1872
6 384 746 1438 1584 1714 1843
7 385 789 974 1315 1447 1691 2073
4 386 706 976 1966
4 387 610 666 1135
9 388 612 686 836 1043 1387 1550 1748 1985
3 389 1511 1968
4 390 1415 1760 2063
1 391
1 392
5 393 1132 1450 1634 1965
5 394 417 430 1603 1861
6 395 618 646 688 840 1844
4 396 507 557 2027
4 397 526 1023 1889
1 398
7 399 640 728 769 811 1669 1778